16:04:48.627 [main] INFO  api.test.UserTests - ******************Creating the user****************
16:04:50.830 [main] INFO  api.test.UserTests - ****************** User Created****************
16:04:55.843 [main] INFO  api.test.UserTests - ******************retrieving the user****************
16:04:56.917 [main] INFO  api.test.UserTests - ******************updating the user****************
16:05:02.996 [main] INFO  api.test.UserTests - ******************user updated****************
16:05:07.997 [main] INFO  api.test.UserTests - ******************Checking User is updated or not****************
16:05:09.069 [main] INFO  api.test.UserTests - ******************Checked for updated****************
16:05:09.071 [main] INFO  api.test.UserTests - ******************deleting the user****************
16:06:42.035 [main] INFO  api.test.UserTests - ******************Creating the user****************
16:06:44.420 [main] INFO  api.test.UserTests - ****************** User Created****************
16:06:49.430 [main] INFO  api.test.UserTests - ******************retrieving the user****************
16:06:50.678 [main] INFO  api.test.UserTests - ******************updating the user****************
16:06:56.953 [main] INFO  api.test.UserTests - ******************user updated****************
16:07:01.956 [main] INFO  api.test.UserTests - ******************Checking User is updated or not****************
16:07:03.173 [main] INFO  api.test.UserTests - ******************Checked for updated****************
16:07:03.175 [main] INFO  api.test.UserTests - ******************deleting the user****************
16:10:29.530 [main] INFO  api.test.UserTests - ******************Creating the user****************
16:10:31.747 [main] INFO  api.test.UserTests - ****************** User Created****************
16:10:36.756 [main] INFO  api.test.UserTests - ******************retrieving the user****************
16:10:37.850 [main] INFO  api.test.UserTests - ******************User retrieved****************
16:10:37.854 [main] INFO  api.test.UserTests - ******************updating the user****************
16:10:43.951 [main] INFO  api.test.UserTests - ******************user updated****************
16:10:48.955 [main] INFO  api.test.UserTests - ******************Checking User is updated or not****************
16:10:50.054 [main] INFO  api.test.UserTests - ******************deleting the user****************
13:18:15.979 [main] INFO  api.test.UserTests2 - ******************Creating the user****************
13:18:21.998 [main] INFO  api.test.UserTests2 - ******************retrieving the user****************
13:18:23.340 [main] INFO  api.test.UserTests2 - ******************updating the user****************
13:18:29.643 [main] INFO  api.test.UserTests2 - ******************user updated****************
13:18:34.658 [main] INFO  api.test.UserTests2 - ******************Checking User is updated or not****************
13:18:35.931 [main] INFO  api.test.UserTests2 - ******************deleting the user****************
13:19:57.246 [main] INFO  api.test.UserTests2 - ******************Creating the user****************
13:20:03.253 [main] INFO  api.test.UserTests2 - ******************retrieving the user****************
13:20:04.518 [main] INFO  api.test.UserTests2 - ******************updating the user****************
13:20:10.610 [main] INFO  api.test.UserTests2 - ******************user updated****************
13:20:15.622 [main] INFO  api.test.UserTests2 - ******************Checking User is updated or not****************
13:20:16.712 [main] INFO  api.test.UserTests2 - ******************deleting the user****************
13:25:30.739 [main] INFO  api.test.UserTests2 - ******************Creating the user****************
13:25:36.726 [main] INFO  api.test.UserTests2 - ******************retrieving the user****************
13:25:38.202 [main] INFO  api.test.UserTests2 - ******************updating the user****************
13:25:44.477 [main] INFO  api.test.UserTests2 - ******************user updated****************
13:25:49.484 [main] INFO  api.test.UserTests2 - ******************Checking User is updated or not****************
13:25:50.742 [main] INFO  api.test.UserTests2 - ******************Checked for updated****************
13:25:50.745 [main] INFO  api.test.UserTests2 - ******************deleting the user****************
13:26:43.062 [main] INFO  api.test.UserTests2 - ******************updating the user****************
13:26:50.204 [main] INFO  api.test.UserTests2 - ******************user updated****************
13:26:55.219 [main] INFO  api.test.UserTests2 - ******************Checking User is updated or not****************
13:26:56.289 [main] INFO  api.test.UserTests2 - ******************Checked for updated****************
13:27:08.799 [main] INFO  api.test.UserTests2 - ******************Creating the user****************
13:27:10.979 [main] INFO  api.test.UserTests2 - ****************** User Created****************
13:27:15.997 [main] INFO  api.test.UserTests2 - ******************retrieving the user****************
13:27:17.093 [main] INFO  api.test.UserTests2 - ******************updating the user****************
13:27:23.193 [main] INFO  api.test.UserTests2 - ******************user updated****************
13:27:28.196 [main] INFO  api.test.UserTests2 - ******************Checking User is updated or not****************
13:27:29.269 [main] INFO  api.test.UserTests2 - ******************deleting the user****************
13:28:36.180 [main] INFO  api.test.UserTests2 - ******************Creating the user****************
13:28:38.543 [main] INFO  api.test.UserTests2 - ****************** User Created****************
13:28:48.555 [main] INFO  api.test.UserTests2 - ******************retrieving the user****************
13:28:49.638 [main] INFO  api.test.UserTests2 - ******************User retrieved****************
13:28:59.643 [main] INFO  api.test.UserTests2 - ******************updating the user****************
13:29:05.723 [main] INFO  api.test.UserTests2 - ******************user updated****************
13:29:10.732 [main] INFO  api.test.UserTests2 - ******************Checking User is updated or not****************
13:29:11.822 [main] INFO  api.test.UserTests2 - ******************deleting the user****************
13:30:47.274 [main] INFO  api.test.UserTests2 - ******************Creating the user****************
13:30:49.460 [main] INFO  api.test.UserTests2 - ****************** User Created****************
13:30:59.480 [main] INFO  api.test.UserTests2 - ******************retrieving the user****************
13:31:00.747 [main] INFO  api.test.UserTests2 - ******************User retrieved****************
13:31:10.760 [main] INFO  api.test.UserTests2 - ******************updating the user****************
13:31:17.046 [main] INFO  api.test.UserTests2 - ******************user updated****************
13:31:22.058 [main] INFO  api.test.UserTests2 - ******************Checking User is updated or not****************
13:31:23.311 [main] INFO  api.test.UserTests2 - ******************Checked for updated****************
13:31:23.313 [main] INFO  api.test.UserTests2 - ******************deleting the user****************
13:31:24.551 [main] INFO  api.test.UserTests2 - ******************user died****************
13:47:22.346 [main] INFO  api.test.UserTests - ******************Creating the user****************
13:47:24.692 [main] INFO  api.test.UserTests - ****************** User Created****************
13:47:29.710 [main] INFO  api.test.UserTests - ******************retrieving the user****************
13:47:30.988 [main] INFO  api.test.UserTests - ******************User retrieved****************
13:47:30.989 [main] INFO  api.test.UserTests - ******************updating the user****************
13:47:37.070 [main] INFO  api.test.UserTests - ******************user updated****************
13:47:42.073 [main] INFO  api.test.UserTests - ******************Checking User is updated or not****************
13:47:43.306 [main] INFO  api.test.UserTests - ******************Checked for updated****************
13:47:43.306 [main] INFO  api.test.UserTests - ******************deleting the user****************
13:47:44.565 [main] INFO  api.test.UserTests - ******************user died****************
13:58:37.865 [main] INFO  api.test.UserTests - ******************Creating the user****************
13:58:40.089 [main] INFO  api.test.UserTests - ****************** User Created****************
13:58:45.106 [main] INFO  api.test.UserTests - ******************retrieving the user****************
13:58:46.193 [main] INFO  api.test.UserTests - ******************updating the user****************
13:58:52.264 [main] INFO  api.test.UserTests - ******************user updated****************
13:58:57.273 [main] INFO  api.test.UserTests - ******************Checking User is updated or not****************
13:58:58.352 [main] INFO  api.test.UserTests - ******************Checked for updated****************
13:58:58.353 [main] INFO  api.test.UserTests - ******************deleting the user****************
13:58:59.429 [main] INFO  api.test.UserTests - ******************user died****************
14:00:31.761 [main] INFO  api.test.UserTests - ******************Creating the user****************
14:00:33.973 [main] INFO  api.test.UserTests - ****************** User Created****************
14:00:38.988 [main] INFO  api.test.UserTests - ******************retrieving the user****************
14:00:40.087 [main] INFO  api.test.UserTests - ******************updating the user****************
14:00:46.181 [main] INFO  api.test.UserTests - ******************user updated****************
14:00:51.188 [main] INFO  api.test.UserTests - ******************Checking User is updated or not****************
14:00:52.462 [main] INFO  api.test.UserTests - ******************deleting the user****************
14:01:04.980 [main] INFO  api.test.UserTests - ******************Creating the user****************
14:01:07.197 [main] INFO  api.test.UserTests - ****************** User Created****************
14:01:12.213 [main] INFO  api.test.UserTests - ******************retrieving the user****************
14:01:13.290 [main] INFO  api.test.UserTests - ******************User retrieved****************
14:01:13.292 [main] INFO  api.test.UserTests - ******************updating the user****************
14:01:19.513 [main] INFO  api.test.UserTests - ******************user updated****************
14:01:24.515 [main] INFO  api.test.UserTests - ******************Checking User is updated or not****************
14:01:25.783 [main] INFO  api.test.UserTests - ******************Checked for updated****************
14:01:25.784 [main] INFO  api.test.UserTests - ******************deleting the user****************
14:01:27.042 [main] INFO  api.test.UserTests - ******************user died****************
